ERROR 1: PROJ: proj_create_from_database: /g/data/xv83/dbi599/miniconda3/share/proj/proj.db contains DATABASE.LAYOUT.VERSION.MINOR = 2 whereas a number >= 5 is expected. It comes from another PROJ installation.
WARNING:pint.util:Redefining 'percent' (<class 'pint.delegates.txt_defparser.plain.UnitDefinition'>)
WARNING:pint.util:Redefining '%' (<class 'pint.delegates.txt_defparser.plain.UnitDefinition'>)
WARNING:pint.util:Redefining 'year' (<class 'pint.delegates.txt_defparser.plain.UnitDefinition'>)
WARNING:pint.util:Redefining 'yr' (<class 'pint.delegates.txt_defparser.plain.UnitDefinition'>)
WARNING:pint.util:Redefining 'C' (<class 'pint.delegates.txt_defparser.plain.UnitDefinition'>)
WARNING:pint.util:Redefining 'd' (<class 'pint.delegates.txt_defparser.plain.UnitDefinition'>)
WARNING:pint.util:Redefining 'h' (<class 'pint.delegates.txt_defparser.plain.UnitDefinition'>)
WARNING:pint.util:Redefining 'degrees_north' (<class 'pint.delegates.txt_defparser.plain.UnitDefinition'>)
WARNING:pint.util:Redefining 'degrees_east' (<class 'pint.delegates.txt_defparser.plain.UnitDefinition'>)
WARNING:pint.util:Redefining 'degrees' (<class 'pint.delegates.txt_defparser.plain.UnitDefinition'>)
WARNING:pint.util:Redefining '[speed]' (<class 'pint.delegates.txt_defparser.plain.DerivedDimensionDefinition'>)
INFO:root:lat index: 0, lon index: 0
INFO:root:lat index: 0, lon index: 1
INFO:root:lat index: 0, lon index: 2
INFO:root:lat index: 0, lon index: 3
INFO:root:lat index: 0, lon index: 4
INFO:root:lat index: 0, lon index: 5
INFO:root:lat index: 0, lon index: 6
INFO:root:lat index: 0, lon index: 7
INFO:root:lat index: 0, lon index: 8
INFO:root:lat index: 0, lon index: 9
INFO:root:lat index: 0, lon index: 10
INFO:root:lat index: 0, lon index: 11
INFO:root:start: BCC-CSM2-MR
INFO:root:end: BCC-CSM2-MR
INFO:root:start: CAFE
INFO:root:end: CAFE
INFO:root:start: CMCC-CM2-SR5
INFO:root:end: CMCC-CM2-SR5
INFO:root:start: CanESM5
INFO:root:end: CanESM5
INFO:root:start: EC-Earth3
INFO:root:end: EC-Earth3
INFO:root:start: IPSL-CM6A-LR
INFO:root:end: IPSL-CM6A-LR
INFO:root:start: MIROC6
INFO:root:end: MIROC6
INFO:root:start: MPI-ESM1-2-HR
INFO:root:end: MPI-ESM1-2-HR
INFO:root:start: MRI-ESM2-0
INFO:root:end: MRI-ESM2-0
INFO:root:start: NorCPM1
INFO:root:lat index: 0, lon index: 12
INFO:root:lat index: 0, lon index: 13
INFO:root:lat index: 1, lon index: 0
INFO:root:lat index: 1, lon index: 1
INFO:root:lat index: 1, lon index: 2
INFO:root:lat index: 1, lon index: 3
INFO:root:lat index: 1, lon index: 4
INFO:root:lat index: 1, lon index: 5
INFO:root:lat index: 1, lon index: 6
INFO:root:lat index: 1, lon index: 7
INFO:root:lat index: 1, lon index: 8
INFO:root:lat index: 1, lon index: 9
INFO:root:lat index: 1, lon index: 10
INFO:root:lat index: 1, lon index: 11
INFO:root:lat index: 1, lon index: 12
INFO:root:lat index: 1, lon index: 13
INFO:root:lat index: 2, lon index: 0
INFO:root:lat index: 2, lon index: 1
INFO:root:lat index: 2, lon index: 2
INFO:root:lat index: 2, lon index: 3
INFO:root:lat index: 2, lon index: 4
INFO:root:lat index: 2, lon index: 5
INFO:root:lat index: 2, lon index: 6
INFO:root:lat index: 2, lon index: 7
INFO:root:lat index: 2, lon index: 8
INFO:root:lat index: 2, lon index: 9
INFO:root:start: BCC-CSM2-MR
INFO:root:end: BCC-CSM2-MR
INFO:root:start: CAFE
INFO:root:end: CAFE
INFO:root:start: CMCC-CM2-SR5
INFO:root:end: CMCC-CM2-SR5
INFO:root:start: CanESM5
INFO:root:end: CanESM5
INFO:root:start: EC-Earth3
INFO:root:end: EC-Earth3
INFO:root:start: IPSL-CM6A-LR
INFO:root:end: IPSL-CM6A-LR
INFO:root:start: MIROC6
INFO:root:end: MIROC6
INFO:root:start: MPI-ESM1-2-HR
INFO:root:end: MPI-ESM1-2-HR
INFO:root:start: MRI-ESM2-0
INFO:root:end: MRI-ESM2-0
INFO:root:start: NorCPM1
INFO:root:end: NorCPM1
INFO:root:lat index: 2, lon index: 10
INFO:root:start: BCC-CSM2-MR
INFO:root:end: BCC-CSM2-MR
INFO:root:start: CAFE
INFO:root:start: CMCC-CM2-SR5
INFO:root:end: CMCC-CM2-SR5
INFO:root:start: CanESM5
INFO:root:end: CanESM5
INFO:root:start: EC-Earth3
INFO:root:end: EC-Earth3
INFO:root:start: IPSL-CM6A-LR
INFO:root:end: IPSL-CM6A-LR
INFO:root:start: MIROC6
INFO:root:end: MIROC6
INFO:root:start: MPI-ESM1-2-HR
INFO:root:end: MPI-ESM1-2-HR
INFO:root:start: MRI-ESM2-0
INFO:root:end: MRI-ESM2-0
INFO:root:start: NorCPM1
INFO:root:end: NorCPM1
INFO:root:lat index: 2, lon index: 11
INFO:root:start: BCC-CSM2-MR
INFO:root:end: BCC-CSM2-MR
INFO:root:start: CAFE
INFO:root:start: CMCC-CM2-SR5
INFO:root:start: CanESM5
INFO:root:end: CanESM5
INFO:root:start: EC-Earth3
INFO:root:end: EC-Earth3
INFO:root:start: IPSL-CM6A-LR
INFO:root:end: IPSL-CM6A-LR
INFO:root:start: MIROC6
INFO:root:start: MPI-ESM1-2-HR
INFO:root:end: MPI-ESM1-2-HR
INFO:root:start: MRI-ESM2-0
INFO:root:end: MRI-ESM2-0
INFO:root:start: NorCPM1
INFO:root:lat index: 2, lon index: 12
INFO:root:start: BCC-CSM2-MR
INFO:root:start: CAFE
INFO:root:end: CAFE
INFO:root:start: CMCC-CM2-SR5
INFO:root:end: CMCC-CM2-SR5
INFO:root:start: CanESM5
INFO:root:end: CanESM5
INFO:root:start: EC-Earth3
INFO:root:end: EC-Earth3
INFO:root:start: IPSL-CM6A-LR
INFO:root:end: IPSL-CM6A-LR
INFO:root:start: MIROC6
INFO:root:end: MIROC6
INFO:root:start: MPI-ESM1-2-HR
INFO:root:end: MPI-ESM1-2-HR
INFO:root:start: MRI-ESM2-0
INFO:root:end: MRI-ESM2-0
INFO:root:start: NorCPM1
INFO:root:lat index: 2, lon index: 13
INFO:root:lat index: 3, lon index: 0
INFO:root:lat index: 3, lon index: 1
INFO:root:start: BCC-CSM2-MR
INFO:root:end: BCC-CSM2-MR
INFO:root:start: CAFE
INFO:root:end: CAFE
INFO:root:start: CMCC-CM2-SR5
INFO:root:end: CMCC-CM2-SR5
INFO:root:start: CanESM5
INFO:root:end: CanESM5
INFO:root:start: EC-Earth3
INFO:root:end: EC-Earth3
INFO:root:start: IPSL-CM6A-LR
INFO:root:end: IPSL-CM6A-LR
INFO:root:start: MIROC6
INFO:root:end: MIROC6
INFO:root:start: MPI-ESM1-2-HR
INFO:root:end: MPI-ESM1-2-HR
INFO:root:start: MRI-ESM2-0
INFO:root:end: MRI-ESM2-0
INFO:root:start: NorCPM1
INFO:root:end: NorCPM1
INFO:root:lat index: 3, lon index: 2
INFO:root:start: BCC-CSM2-MR
INFO:root:end: BCC-CSM2-MR
INFO:root:start: CAFE
INFO:root:start: CMCC-CM2-SR5
INFO:root:end: CMCC-CM2-SR5
INFO:root:start: CanESM5
INFO:root:end: CanESM5
INFO:root:start: EC-Earth3
INFO:root:end: EC-Earth3
INFO:root:start: IPSL-CM6A-LR
INFO:root:end: IPSL-CM6A-LR
INFO:root:start: MIROC6
INFO:root:end: MIROC6
INFO:root:start: MPI-ESM1-2-HR
INFO:root:end: MPI-ESM1-2-HR
INFO:root:start: MRI-ESM2-0
INFO:root:end: MRI-ESM2-0
INFO:root:start: NorCPM1
INFO:root:end: NorCPM1
INFO:root:lat index: 3, lon index: 3
INFO:root:start: BCC-CSM2-MR
INFO:root:start: CAFE
INFO:root:start: CMCC-CM2-SR5
INFO:root:start: CanESM5
INFO:root:start: EC-Earth3
INFO:root:start: IPSL-CM6A-LR
INFO:root:start: MIROC6
INFO:root:end: MIROC6
INFO:root:start: MPI-ESM1-2-HR
INFO:root:start: MRI-ESM2-0
INFO:root:end: MRI-ESM2-0
INFO:root:start: NorCPM1
INFO:root:end: NorCPM1
INFO:root:lat index: 3, lon index: 4
INFO:root:lat index: 3, lon index: 5
INFO:root:lat index: 3, lon index: 6
INFO:root:lat index: 3, lon index: 7
INFO:root:lat index: 3, lon index: 8
INFO:root:start: BCC-CSM2-MR
INFO:root:end: BCC-CSM2-MR
INFO:root:start: CAFE
INFO:root:start: CMCC-CM2-SR5
INFO:root:end: CMCC-CM2-SR5
INFO:root:start: CanESM5
INFO:root:end: CanESM5
INFO:root:start: EC-Earth3
INFO:root:end: EC-Earth3
INFO:root:start: IPSL-CM6A-LR
INFO:root:end: IPSL-CM6A-LR
INFO:root:start: MIROC6
INFO:root:start: MPI-ESM1-2-HR
INFO:root:end: MPI-ESM1-2-HR
INFO:root:start: MRI-ESM2-0
INFO:root:end: MRI-ESM2-0
INFO:root:start: NorCPM1
INFO:root:end: NorCPM1
INFO:root:lat index: 3, lon index: 9
INFO:root:start: BCC-CSM2-MR
INFO:root:end: BCC-CSM2-MR
INFO:root:start: CAFE
INFO:root:start: CMCC-CM2-SR5
INFO:root:end: CMCC-CM2-SR5
INFO:root:start: CanESM5
INFO:root:end: CanESM5
INFO:root:start: EC-Earth3
INFO:root:end: EC-Earth3
INFO:root:start: IPSL-CM6A-LR
INFO:root:end: IPSL-CM6A-LR
INFO:root:start: MIROC6
INFO:root:start: MPI-ESM1-2-HR
INFO:root:end: MPI-ESM1-2-HR
INFO:root:start: MRI-ESM2-0
INFO:root:end: MRI-ESM2-0
INFO:root:start: NorCPM1
INFO:root:end: NorCPM1
INFO:root:lat index: 3, lon index: 10
INFO:root:start: BCC-CSM2-MR
INFO:root:end: BCC-CSM2-MR
INFO:root:start: CAFE
INFO:root:start: CMCC-CM2-SR5
INFO:root:end: CMCC-CM2-SR5
INFO:root:start: CanESM5
INFO:root:end: CanESM5
INFO:root:start: EC-Earth3
INFO:root:end: EC-Earth3
INFO:root:start: IPSL-CM6A-LR
INFO:root:end: IPSL-CM6A-LR
INFO:root:start: MIROC6
INFO:root:start: MPI-ESM1-2-HR
INFO:root:end: MPI-ESM1-2-HR
INFO:root:start: MRI-ESM2-0
INFO:root:end: MRI-ESM2-0
INFO:root:start: NorCPM1
INFO:root:lat index: 3, lon index: 11
INFO:root:start: BCC-CSM2-MR
INFO:root:end: BCC-CSM2-MR
INFO:root:start: CAFE
INFO:root:start: CMCC-CM2-SR5
INFO:root:end: CMCC-CM2-SR5
INFO:root:start: CanESM5
INFO:root:end: CanESM5
INFO:root:start: EC-Earth3
INFO:root:end: EC-Earth3
INFO:root:start: IPSL-CM6A-LR
INFO:root:end: IPSL-CM6A-LR
INFO:root:start: MIROC6
INFO:root:start: MPI-ESM1-2-HR
INFO:root:end: MPI-ESM1-2-HR
INFO:root:start: MRI-ESM2-0
INFO:root:end: MRI-ESM2-0
INFO:root:start: NorCPM1
INFO:root:lat index: 3, lon index: 12
INFO:root:start: BCC-CSM2-MR
INFO:root:end: BCC-CSM2-MR
INFO:root:start: CAFE
INFO:root:start: CMCC-CM2-SR5
INFO:root:end: CMCC-CM2-SR5
INFO:root:start: CanESM5
INFO:root:end: CanESM5
INFO:root:start: EC-Earth3
INFO:root:end: EC-Earth3
INFO:root:start: IPSL-CM6A-LR
INFO:root:end: IPSL-CM6A-LR
INFO:root:start: MIROC6
INFO:root:start: MPI-ESM1-2-HR
INFO:root:end: MPI-ESM1-2-HR
INFO:root:start: MRI-ESM2-0
INFO:root:end: MRI-ESM2-0
INFO:root:start: NorCPM1
INFO:root:lat index: 3, lon index: 13
INFO:root:lat index: 4, lon index: 0
INFO:root:lat index: 4, lon index: 1
INFO:root:start: BCC-CSM2-MR
INFO:root:end: BCC-CSM2-MR
INFO:root:start: CAFE
INFO:root:end: CAFE
INFO:root:start: CMCC-CM2-SR5
INFO:root:end: CMCC-CM2-SR5
INFO:root:start: CanESM5
INFO:root:end: CanESM5
INFO:root:start: EC-Earth3
INFO:root:end: EC-Earth3
INFO:root:start: IPSL-CM6A-LR
INFO:root:end: IPSL-CM6A-LR
INFO:root:start: MIROC6
INFO:root:end: MIROC6
INFO:root:start: MPI-ESM1-2-HR
INFO:root:end: MPI-ESM1-2-HR
INFO:root:start: MRI-ESM2-0
INFO:root:end: MRI-ESM2-0
INFO:root:start: NorCPM1
INFO:root:end: NorCPM1
INFO:root:lat index: 4, lon index: 2
INFO:root:start: BCC-CSM2-MR
INFO:root:end: BCC-CSM2-MR
INFO:root:start: CAFE
INFO:root:start: CMCC-CM2-SR5
INFO:root:end: CMCC-CM2-SR5
INFO:root:start: CanESM5
INFO:root:end: CanESM5
INFO:root:start: EC-Earth3
INFO:root:end: EC-Earth3
INFO:root:start: IPSL-CM6A-LR
INFO:root:end: IPSL-CM6A-LR
INFO:root:start: MIROC6
INFO:root:start: MPI-ESM1-2-HR
INFO:root:end: MPI-ESM1-2-HR
INFO:root:start: MRI-ESM2-0
INFO:root:end: MRI-ESM2-0
INFO:root:start: NorCPM1
INFO:root:end: NorCPM1
INFO:root:lat index: 4, lon index: 3
INFO:root:start: BCC-CSM2-MR
INFO:root:end: BCC-CSM2-MR
INFO:root:start: CAFE
INFO:root:start: CMCC-CM2-SR5
INFO:root:end: CMCC-CM2-SR5
INFO:root:start: CanESM5
INFO:root:end: CanESM5
INFO:root:start: EC-Earth3
INFO:root:end: EC-Earth3
INFO:root:start: IPSL-CM6A-LR
INFO:root:end: IPSL-CM6A-LR
INFO:root:start: MIROC6
INFO:root:start: MPI-ESM1-2-HR
INFO:root:end: MPI-ESM1-2-HR
INFO:root:start: MRI-ESM2-0
INFO:root:end: MRI-ESM2-0
INFO:root:start: NorCPM1
INFO:root:end: NorCPM1
INFO:root:lat index: 4, lon index: 4
INFO:root:start: BCC-CSM2-MR
INFO:root:end: BCC-CSM2-MR
INFO:root:start: CAFE
INFO:root:end: CAFE
INFO:root:start: CMCC-CM2-SR5
INFO:root:end: CMCC-CM2-SR5
INFO:root:start: CanESM5
INFO:root:end: CanESM5
INFO:root:start: EC-Earth3
INFO:root:end: EC-Earth3
INFO:root:start: IPSL-CM6A-LR
INFO:root:end: IPSL-CM6A-LR
INFO:root:start: MIROC6
INFO:root:start: MPI-ESM1-2-HR
INFO:root:end: MPI-ESM1-2-HR
INFO:root:start: MRI-ESM2-0
INFO:root:end: MRI-ESM2-0
INFO:root:start: NorCPM1
INFO:root:end: NorCPM1
INFO:root:lat index: 4, lon index: 5
INFO:root:start: BCC-CSM2-MR
INFO:root:start: CAFE
INFO:root:start: CMCC-CM2-SR5
INFO:root:start: CanESM5
INFO:root:start: EC-Earth3
INFO:root:start: IPSL-CM6A-LR
INFO:root:start: MIROC6
INFO:root:end: MIROC6
INFO:root:start: MPI-ESM1-2-HR
INFO:root:start: MRI-ESM2-0
INFO:root:start: NorCPM1
INFO:root:lat index: 4, lon index: 6
INFO:root:start: BCC-CSM2-MR
INFO:root:end: BCC-CSM2-MR
INFO:root:start: CAFE
INFO:root:start: CMCC-CM2-SR5
INFO:root:end: CMCC-CM2-SR5
INFO:root:start: CanESM5
INFO:root:end: CanESM5
INFO:root:start: EC-Earth3
INFO:root:end: EC-Earth3
INFO:root:start: IPSL-CM6A-LR
INFO:root:start: MIROC6
INFO:root:end: MIROC6
INFO:root:start: MPI-ESM1-2-HR
INFO:root:end: MPI-ESM1-2-HR
INFO:root:start: MRI-ESM2-0
INFO:root:start: NorCPM1
INFO:root:end: NorCPM1
INFO:root:lat index: 4, lon index: 7
INFO:root:start: BCC-CSM2-MR
INFO:root:end: BCC-CSM2-MR
INFO:root:start: CAFE
INFO:root:end: CAFE
INFO:root:start: CMCC-CM2-SR5
INFO:root:end: CMCC-CM2-SR5
INFO:root:start: CanESM5
INFO:root:end: CanESM5
INFO:root:start: EC-Earth3
INFO:root:end: EC-Earth3
INFO:root:start: IPSL-CM6A-LR
INFO:root:end: IPSL-CM6A-LR
INFO:root:start: MIROC6
INFO:root:end: MIROC6
INFO:root:start: MPI-ESM1-2-HR
INFO:root:end: MPI-ESM1-2-HR
INFO:root:start: MRI-ESM2-0
INFO:root:end: MRI-ESM2-0
INFO:root:start: NorCPM1
INFO:root:end: NorCPM1
INFO:root:lat index: 4, lon index: 8
INFO:root:start: BCC-CSM2-MR
INFO:root:end: BCC-CSM2-MR
INFO:root:start: CAFE
INFO:root:start: CMCC-CM2-SR5
INFO:root:end: CMCC-CM2-SR5
INFO:root:start: CanESM5
INFO:root:end: CanESM5
INFO:root:start: EC-Earth3
INFO:root:end: EC-Earth3
INFO:root:start: IPSL-CM6A-LR
INFO:root:end: IPSL-CM6A-LR
INFO:root:start: MIROC6
INFO:root:start: MPI-ESM1-2-HR
INFO:root:end: MPI-ESM1-2-HR
INFO:root:start: MRI-ESM2-0
INFO:root:end: MRI-ESM2-0
INFO:root:start: NorCPM1
INFO:root:end: NorCPM1
INFO:root:lat index: 4, lon index: 9
INFO:root:start: BCC-CSM2-MR
INFO:root:end: BCC-CSM2-MR
INFO:root:start: CAFE
INFO:root:start: CMCC-CM2-SR5
INFO:root:end: CMCC-CM2-SR5
INFO:root:start: CanESM5
INFO:root:end: CanESM5
INFO:root:start: EC-Earth3
INFO:root:end: EC-Earth3
INFO:root:start: IPSL-CM6A-LR
INFO:root:end: IPSL-CM6A-LR
INFO:root:start: MIROC6
INFO:root:start: MPI-ESM1-2-HR
INFO:root:end: MPI-ESM1-2-HR
INFO:root:start: MRI-ESM2-0
INFO:root:end: MRI-ESM2-0
INFO:root:start: NorCPM1
INFO:root:end: NorCPM1
INFO:root:lat index: 4, lon index: 10
INFO:root:start: BCC-CSM2-MR
INFO:root:end: BCC-CSM2-MR
INFO:root:start: CAFE
INFO:root:start: CMCC-CM2-SR5
INFO:root:end: CMCC-CM2-SR5
INFO:root:start: CanESM5
INFO:root:end: CanESM5
INFO:root:start: EC-Earth3
INFO:root:end: EC-Earth3
INFO:root:start: IPSL-CM6A-LR
INFO:root:end: IPSL-CM6A-LR
INFO:root:start: MIROC6
INFO:root:start: MPI-ESM1-2-HR
INFO:root:end: MPI-ESM1-2-HR
INFO:root:start: MRI-ESM2-0
INFO:root:end: MRI-ESM2-0
INFO:root:start: NorCPM1
INFO:root:end: NorCPM1
INFO:root:lat index: 4, lon index: 11
INFO:root:start: BCC-CSM2-MR
INFO:root:end: BCC-CSM2-MR
INFO:root:start: CAFE
INFO:root:start: CMCC-CM2-SR5
INFO:root:end: CMCC-CM2-SR5
INFO:root:start: CanESM5
INFO:root:end: CanESM5
INFO:root:start: EC-Earth3
INFO:root:end: EC-Earth3
INFO:root:start: IPSL-CM6A-LR
INFO:root:end: IPSL-CM6A-LR
INFO:root:start: MIROC6
INFO:root:start: MPI-ESM1-2-HR
INFO:root:end: MPI-ESM1-2-HR
INFO:root:start: MRI-ESM2-0
INFO:root:end: MRI-ESM2-0
INFO:root:start: NorCPM1
INFO:root:lat index: 4, lon index: 12
INFO:root:start: BCC-CSM2-MR
INFO:root:end: BCC-CSM2-MR
INFO:root:start: CAFE
INFO:root:start: CMCC-CM2-SR5
INFO:root:end: CMCC-CM2-SR5
INFO:root:start: CanESM5
INFO:root:end: CanESM5
INFO:root:start: EC-Earth3
INFO:root:end: EC-Earth3
INFO:root:start: IPSL-CM6A-LR
INFO:root:end: IPSL-CM6A-LR
INFO:root:start: MIROC6
INFO:root:start: MPI-ESM1-2-HR
INFO:root:end: MPI-ESM1-2-HR
INFO:root:start: MRI-ESM2-0
INFO:root:end: MRI-ESM2-0
INFO:root:start: NorCPM1
INFO:root:lat index: 4, lon index: 13
INFO:root:start: BCC-CSM2-MR
INFO:root:end: BCC-CSM2-MR
INFO:root:start: CAFE
INFO:root:start: CMCC-CM2-SR5
INFO:root:end: CMCC-CM2-SR5
INFO:root:start: CanESM5
INFO:root:end: CanESM5
INFO:root:start: EC-Earth3
INFO:root:end: EC-Earth3
INFO:root:start: IPSL-CM6A-LR
INFO:root:end: IPSL-CM6A-LR
INFO:root:start: MIROC6
INFO:root:end: MIROC6
INFO:root:start: MPI-ESM1-2-HR
INFO:root:end: MPI-ESM1-2-HR
INFO:root:start: MRI-ESM2-0
INFO:root:end: MRI-ESM2-0
INFO:root:start: NorCPM1
INFO:root:lat index: 5, lon index: 0
INFO:root:lat index: 5, lon index: 1
INFO:root:start: BCC-CSM2-MR
INFO:root:end: BCC-CSM2-MR
INFO:root:start: CAFE
INFO:root:start: CMCC-CM2-SR5
INFO:root:end: CMCC-CM2-SR5
INFO:root:start: CanESM5
INFO:root:end: CanESM5
INFO:root:start: EC-Earth3
INFO:root:end: EC-Earth3
INFO:root:start: IPSL-CM6A-LR
INFO:root:end: IPSL-CM6A-LR
INFO:root:start: MIROC6
INFO:root:end: MIROC6
INFO:root:start: MPI-ESM1-2-HR
INFO:root:end: MPI-ESM1-2-HR
INFO:root:start: MRI-ESM2-0
INFO:root:end: MRI-ESM2-0
INFO:root:start: NorCPM1
INFO:root:end: NorCPM1
INFO:root:lat index: 5, lon index: 2
INFO:root:start: BCC-CSM2-MR
INFO:root:end: BCC-CSM2-MR
INFO:root:start: CAFE
INFO:root:start: CMCC-CM2-SR5
INFO:root:start: CanESM5
INFO:root:start: EC-Earth3
INFO:root:end: EC-Earth3
INFO:root:start: IPSL-CM6A-LR
INFO:root:end: IPSL-CM6A-LR
INFO:root:start: MIROC6
INFO:root:start: MPI-ESM1-2-HR
INFO:root:end: MPI-ESM1-2-HR
INFO:root:start: MRI-ESM2-0
INFO:root:end: MRI-ESM2-0
INFO:root:start: NorCPM1
INFO:root:lat index: 5, lon index: 3
INFO:root:start: BCC-CSM2-MR
INFO:root:end: BCC-CSM2-MR
INFO:root:start: CAFE
INFO:root:start: CMCC-CM2-SR5
INFO:root:start: CanESM5
INFO:root:start: EC-Earth3
INFO:root:end: EC-Earth3
INFO:root:start: IPSL-CM6A-LR
INFO:root:end: IPSL-CM6A-LR
INFO:root:start: MIROC6
INFO:root:start: MPI-ESM1-2-HR
INFO:root:end: MPI-ESM1-2-HR
INFO:root:start: MRI-ESM2-0
INFO:root:end: MRI-ESM2-0
INFO:root:start: NorCPM1
INFO:root:lat index: 5, lon index: 4
INFO:root:start: BCC-CSM2-MR
INFO:root:start: CAFE
INFO:root:start: CMCC-CM2-SR5
INFO:root:start: CanESM5
INFO:root:start: EC-Earth3
INFO:root:start: IPSL-CM6A-LR
INFO:root:start: MIROC6
INFO:root:start: MPI-ESM1-2-HR
INFO:root:start: MRI-ESM2-0
INFO:root:start: NorCPM1
INFO:root:lat index: 5, lon index: 5
INFO:root:start: BCC-CSM2-MR
INFO:root:start: CAFE
INFO:root:start: CMCC-CM2-SR5
INFO:root:start: CanESM5
INFO:root:start: EC-Earth3
INFO:root:start: IPSL-CM6A-LR
INFO:root:start: MIROC6
INFO:root:start: MPI-ESM1-2-HR
INFO:root:start: MRI-ESM2-0
INFO:root:start: NorCPM1
INFO:root:lat index: 5, lon index: 6
INFO:root:start: BCC-CSM2-MR
INFO:root:end: BCC-CSM2-MR
INFO:root:start: CAFE
INFO:root:start: CMCC-CM2-SR5
INFO:root:end: CMCC-CM2-SR5
INFO:root:start: CanESM5
INFO:root:end: CanESM5
INFO:root:start: EC-Earth3
INFO:root:end: EC-Earth3
INFO:root:start: IPSL-CM6A-LR
INFO:root:end: IPSL-CM6A-LR
INFO:root:start: MIROC6
INFO:root:start: MPI-ESM1-2-HR
INFO:root:end: MPI-ESM1-2-HR
INFO:root:start: MRI-ESM2-0
INFO:root:end: MRI-ESM2-0
INFO:root:start: NorCPM1
INFO:root:end: NorCPM1
INFO:root:lat index: 5, lon index: 7
INFO:root:start: BCC-CSM2-MR
INFO:root:start: CAFE
INFO:root:start: CMCC-CM2-SR5
INFO:root:end: CMCC-CM2-SR5
INFO:root:start: CanESM5
INFO:root:end: CanESM5
INFO:root:start: EC-Earth3
INFO:root:end: EC-Earth3
INFO:root:start: IPSL-CM6A-LR
INFO:root:end: IPSL-CM6A-LR
INFO:root:start: MIROC6
INFO:root:start: MPI-ESM1-2-HR
INFO:root:start: MRI-ESM2-0
INFO:root:end: MRI-ESM2-0
INFO:root:start: NorCPM1
INFO:root:end: NorCPM1
INFO:root:lat index: 5, lon index: 8
INFO:root:start: BCC-CSM2-MR
INFO:root:end: BCC-CSM2-MR
INFO:root:start: CAFE
INFO:root:end: CAFE
INFO:root:start: CMCC-CM2-SR5
INFO:root:start: CanESM5
INFO:root:end: CanESM5
INFO:root:start: EC-Earth3
INFO:root:end: EC-Earth3
INFO:root:start: IPSL-CM6A-LR
INFO:root:end: IPSL-CM6A-LR
INFO:root:start: MIROC6
INFO:root:start: MPI-ESM1-2-HR
INFO:root:end: MPI-ESM1-2-HR
INFO:root:start: MRI-ESM2-0
INFO:root:end: MRI-ESM2-0
INFO:root:start: NorCPM1
INFO:root:lat index: 5, lon index: 9
INFO:root:start: BCC-CSM2-MR
INFO:root:end: BCC-CSM2-MR
INFO:root:start: CAFE
INFO:root:start: CMCC-CM2-SR5
INFO:root:start: CanESM5
INFO:root:start: EC-Earth3
INFO:root:end: EC-Earth3
INFO:root:start: IPSL-CM6A-LR
INFO:root:end: IPSL-CM6A-LR
INFO:root:start: MIROC6
INFO:root:start: MPI-ESM1-2-HR
INFO:root:end: MPI-ESM1-2-HR
INFO:root:start: MRI-ESM2-0
INFO:root:end: MRI-ESM2-0
INFO:root:start: NorCPM1
INFO:root:lat index: 5, lon index: 10
INFO:root:start: BCC-CSM2-MR
INFO:root:end: BCC-CSM2-MR
INFO:root:start: CAFE
INFO:root:start: CMCC-CM2-SR5
INFO:root:end: CMCC-CM2-SR5
INFO:root:start: CanESM5
INFO:root:end: CanESM5
INFO:root:start: EC-Earth3
INFO:root:end: EC-Earth3
INFO:root:start: IPSL-CM6A-LR
INFO:root:end: IPSL-CM6A-LR
INFO:root:start: MIROC6
INFO:root:start: MPI-ESM1-2-HR
INFO:root:end: MPI-ESM1-2-HR
INFO:root:start: MRI-ESM2-0
INFO:root:end: MRI-ESM2-0
INFO:root:start: NorCPM1
INFO:root:end: NorCPM1
INFO:root:lat index: 5, lon index: 11
INFO:root:start: BCC-CSM2-MR
INFO:root:end: BCC-CSM2-MR
INFO:root:start: CAFE
INFO:root:end: CAFE
INFO:root:start: CMCC-CM2-SR5
INFO:root:end: CMCC-CM2-SR5
INFO:root:start: CanESM5
INFO:root:end: CanESM5
INFO:root:start: EC-Earth3
INFO:root:end: EC-Earth3
INFO:root:start: IPSL-CM6A-LR
INFO:root:end: IPSL-CM6A-LR
INFO:root:start: MIROC6
INFO:root:start: MPI-ESM1-2-HR
INFO:root:end: MPI-ESM1-2-HR
INFO:root:start: MRI-ESM2-0
INFO:root:end: MRI-ESM2-0
INFO:root:start: NorCPM1
INFO:root:end: NorCPM1
INFO:root:lat index: 5, lon index: 12
INFO:root:start: BCC-CSM2-MR
INFO:root:end: BCC-CSM2-MR
INFO:root:start: CAFE
INFO:root:start: CMCC-CM2-SR5
INFO:root:end: CMCC-CM2-SR5
INFO:root:start: CanESM5
INFO:root:end: CanESM5
INFO:root:start: EC-Earth3
INFO:root:end: EC-Earth3
INFO:root:start: IPSL-CM6A-LR
INFO:root:end: IPSL-CM6A-LR
INFO:root:start: MIROC6
INFO:root:start: MPI-ESM1-2-HR
INFO:root:end: MPI-ESM1-2-HR
INFO:root:start: MRI-ESM2-0
INFO:root:end: MRI-ESM2-0
INFO:root:start: NorCPM1
INFO:root:end: NorCPM1
INFO:root:lat index: 5, lon index: 13
INFO:root:start: BCC-CSM2-MR
INFO:root:end: BCC-CSM2-MR
INFO:root:start: CAFE
INFO:root:start: CMCC-CM2-SR5
INFO:root:end: CMCC-CM2-SR5
INFO:root:start: CanESM5
INFO:root:start: EC-Earth3
INFO:root:end: EC-Earth3
INFO:root:start: IPSL-CM6A-LR
INFO:root:end: IPSL-CM6A-LR
INFO:root:start: MIROC6
INFO:root:start: MPI-ESM1-2-HR
INFO:root:end: MPI-ESM1-2-HR
INFO:root:start: MRI-ESM2-0
INFO:root:end: MRI-ESM2-0
INFO:root:start: NorCPM1
INFO:root:end: NorCPM1
INFO:root:lat index: 6, lon index: 0
INFO:root:lat index: 6, lon index: 1
INFO:root:start: BCC-CSM2-MR
INFO:root:end: BCC-CSM2-MR
INFO:root:start: CAFE
INFO:root:start: CMCC-CM2-SR5
INFO:root:end: CMCC-CM2-SR5
INFO:root:start: CanESM5
INFO:root:end: CanESM5
INFO:root:start: EC-Earth3
INFO:root:end: EC-Earth3
INFO:root:start: IPSL-CM6A-LR
INFO:root:end: IPSL-CM6A-LR
INFO:root:start: MIROC6
INFO:root:start: MPI-ESM1-2-HR
INFO:root:end: MPI-ESM1-2-HR
INFO:root:start: MRI-ESM2-0
INFO:root:start: NorCPM1
INFO:root:end: NorCPM1
INFO:root:lat index: 6, lon index: 2
INFO:root:start: BCC-CSM2-MR
INFO:root:end: BCC-CSM2-MR
INFO:root:start: CAFE
INFO:root:start: CMCC-CM2-SR5
INFO:root:start: CanESM5
INFO:root:start: EC-Earth3
INFO:root:end: EC-Earth3
INFO:root:start: IPSL-CM6A-LR
INFO:root:end: IPSL-CM6A-LR
INFO:root:start: MIROC6
INFO:root:start: MPI-ESM1-2-HR
INFO:root:end: MPI-ESM1-2-HR
INFO:root:start: MRI-ESM2-0
INFO:root:end: MRI-ESM2-0
INFO:root:start: NorCPM1
INFO:root:end: NorCPM1
INFO:root:lat index: 6, lon index: 3
INFO:root:start: BCC-CSM2-MR
INFO:root:end: BCC-CSM2-MR
INFO:root:start: CAFE
INFO:root:start: CMCC-CM2-SR5
INFO:root:start: CanESM5
INFO:root:start: EC-Earth3
INFO:root:end: EC-Earth3
INFO:root:start: IPSL-CM6A-LR
INFO:root:end: IPSL-CM6A-LR
INFO:root:start: MIROC6
INFO:root:start: MPI-ESM1-2-HR
INFO:root:end: MPI-ESM1-2-HR
INFO:root:start: MRI-ESM2-0
INFO:root:end: MRI-ESM2-0
INFO:root:start: NorCPM1
INFO:root:lat index: 6, lon index: 4
INFO:root:start: BCC-CSM2-MR
INFO:root:start: CAFE
INFO:root:start: CMCC-CM2-SR5
INFO:root:start: CanESM5
INFO:root:start: EC-Earth3
INFO:root:end: EC-Earth3
INFO:root:start: IPSL-CM6A-LR
INFO:root:end: IPSL-CM6A-LR
INFO:root:start: MIROC6
INFO:root:start: MPI-ESM1-2-HR
INFO:root:start: MRI-ESM2-0
INFO:root:start: NorCPM1
INFO:root:lat index: 6, lon index: 5
INFO:root:start: BCC-CSM2-MR
INFO:root:start: CAFE
INFO:root:start: CMCC-CM2-SR5
INFO:root:end: CMCC-CM2-SR5
INFO:root:start: CanESM5
INFO:root:start: EC-Earth3
INFO:root:start: IPSL-CM6A-LR
INFO:root:start: MIROC6
INFO:root:start: MPI-ESM1-2-HR
INFO:root:start: MRI-ESM2-0
INFO:root:start: NorCPM1
INFO:root:end: NorCPM1
INFO:root:lat index: 6, lon index: 6
INFO:root:start: BCC-CSM2-MR
INFO:root:end: BCC-CSM2-MR
INFO:root:start: CAFE
INFO:root:end: CAFE
INFO:root:start: CMCC-CM2-SR5
INFO:root:start: CanESM5
INFO:root:start: EC-Earth3
INFO:root:end: EC-Earth3
INFO:root:start: IPSL-CM6A-LR
INFO:root:end: IPSL-CM6A-LR
INFO:root:start: MIROC6
INFO:root:start: MPI-ESM1-2-HR
INFO:root:end: MPI-ESM1-2-HR
INFO:root:start: MRI-ESM2-0
INFO:root:end: MRI-ESM2-0
INFO:root:start: NorCPM1
INFO:root:lat index: 6, lon index: 7
INFO:root:start: BCC-CSM2-MR
INFO:root:end: BCC-CSM2-MR
INFO:root:start: CAFE
INFO:root:end: CAFE
INFO:root:start: CMCC-CM2-SR5
INFO:root:start: CanESM5
INFO:root:start: EC-Earth3
INFO:root:end: EC-Earth3
INFO:root:start: IPSL-CM6A-LR
INFO:root:end: IPSL-CM6A-LR
INFO:root:start: MIROC6
INFO:root:start: MPI-ESM1-2-HR
INFO:root:end: MPI-ESM1-2-HR
INFO:root:start: MRI-ESM2-0
INFO:root:end: MRI-ESM2-0
INFO:root:start: NorCPM1
INFO:root:lat index: 6, lon index: 8
INFO:root:start: BCC-CSM2-MR
INFO:root:end: BCC-CSM2-MR
INFO:root:start: CAFE
INFO:root:end: CAFE
INFO:root:start: CMCC-CM2-SR5
INFO:root:start: CanESM5
INFO:root:end: CanESM5
INFO:root:start: EC-Earth3
INFO:root:end: EC-Earth3
INFO:root:start: IPSL-CM6A-LR
INFO:root:end: IPSL-CM6A-LR
INFO:root:start: MIROC6
INFO:root:start: MPI-ESM1-2-HR
INFO:root:end: MPI-ESM1-2-HR
INFO:root:start: MRI-ESM2-0
INFO:root:end: MRI-ESM2-0
INFO:root:start: NorCPM1
INFO:root:lat index: 6, lon index: 9
INFO:root:start: BCC-CSM2-MR
INFO:root:end: BCC-CSM2-MR
INFO:root:start: CAFE
INFO:root:start: CMCC-CM2-SR5
INFO:root:start: CanESM5
INFO:root:end: CanESM5
INFO:root:start: EC-Earth3
INFO:root:end: EC-Earth3
INFO:root:start: IPSL-CM6A-LR
INFO:root:end: IPSL-CM6A-LR
INFO:root:start: MIROC6
INFO:root:start: MPI-ESM1-2-HR
INFO:root:end: MPI-ESM1-2-HR
INFO:root:start: MRI-ESM2-0
INFO:root:end: MRI-ESM2-0
INFO:root:start: NorCPM1
INFO:root:lat index: 6, lon index: 10
INFO:root:start: BCC-CSM2-MR
INFO:root:end: BCC-CSM2-MR
INFO:root:start: CAFE
INFO:root:start: CMCC-CM2-SR5
INFO:root:end: CMCC-CM2-SR5
INFO:root:start: CanESM5
INFO:root:end: CanESM5
INFO:root:start: EC-Earth3
INFO:root:end: EC-Earth3
INFO:root:start: IPSL-CM6A-LR
INFO:root:end: IPSL-CM6A-LR
INFO:root:start: MIROC6
INFO:root:start: MPI-ESM1-2-HR
INFO:root:end: MPI-ESM1-2-HR
INFO:root:start: MRI-ESM2-0
INFO:root:end: MRI-ESM2-0
INFO:root:start: NorCPM1
INFO:root:end: NorCPM1
INFO:root:lat index: 6, lon index: 11
INFO:root:start: BCC-CSM2-MR
INFO:root:end: BCC-CSM2-MR
INFO:root:start: CAFE
INFO:root:end: CAFE
INFO:root:start: CMCC-CM2-SR5
INFO:root:start: CanESM5
INFO:root:end: CanESM5
INFO:root:start: EC-Earth3
INFO:root:end: EC-Earth3
INFO:root:start: IPSL-CM6A-LR
INFO:root:end: IPSL-CM6A-LR
INFO:root:start: MIROC6
INFO:root:start: MPI-ESM1-2-HR
INFO:root:end: MPI-ESM1-2-HR
INFO:root:start: MRI-ESM2-0
INFO:root:end: MRI-ESM2-0
INFO:root:start: NorCPM1
INFO:root:end: NorCPM1
INFO:root:lat index: 6, lon index: 12
INFO:root:start: BCC-CSM2-MR
INFO:root:end: BCC-CSM2-MR
INFO:root:start: CAFE
INFO:root:end: CAFE
INFO:root:start: CMCC-CM2-SR5
INFO:root:end: CMCC-CM2-SR5
INFO:root:start: CanESM5
INFO:root:end: CanESM5
INFO:root:start: EC-Earth3
INFO:root:end: EC-Earth3
INFO:root:start: IPSL-CM6A-LR
INFO:root:end: IPSL-CM6A-LR
INFO:root:start: MIROC6
INFO:root:start: MPI-ESM1-2-HR
INFO:root:end: MPI-ESM1-2-HR
INFO:root:start: MRI-ESM2-0
INFO:root:end: MRI-ESM2-0
INFO:root:start: NorCPM1
INFO:root:lat index: 6, lon index: 13
INFO:root:lat index: 7, lon index: 0
INFO:root:lat index: 7, lon index: 1
INFO:root:lat index: 7, lon index: 2
INFO:root:start: BCC-CSM2-MR
INFO:root:end: BCC-CSM2-MR
INFO:root:start: CAFE
INFO:root:end: CAFE
INFO:root:start: CMCC-CM2-SR5
INFO:root:start: CanESM5
INFO:root:end: CanESM5
INFO:root:start: EC-Earth3
INFO:root:end: EC-Earth3
INFO:root:start: IPSL-CM6A-LR
INFO:root:end: IPSL-CM6A-LR
INFO:root:start: MIROC6
INFO:root:start: MPI-ESM1-2-HR
INFO:root:end: MPI-ESM1-2-HR
INFO:root:start: MRI-ESM2-0
INFO:root:end: MRI-ESM2-0
INFO:root:start: NorCPM1
INFO:root:end: NorCPM1
INFO:root:lat index: 7, lon index: 3
INFO:root:start: BCC-CSM2-MR
INFO:root:end: BCC-CSM2-MR
INFO:root:start: CAFE
INFO:root:start: CMCC-CM2-SR5
INFO:root:start: CanESM5
INFO:root:end: CanESM5
INFO:root:start: EC-Earth3
INFO:root:end: EC-Earth3
INFO:root:start: IPSL-CM6A-LR
INFO:root:end: IPSL-CM6A-LR
INFO:root:start: MIROC6
INFO:root:start: MPI-ESM1-2-HR
INFO:root:start: MRI-ESM2-0
INFO:root:start: NorCPM1
INFO:root:lat index: 7, lon index: 4
INFO:root:start: BCC-CSM2-MR
INFO:root:end: BCC-CSM2-MR
INFO:root:start: CAFE
INFO:root:start: CMCC-CM2-SR5
INFO:root:start: CanESM5
INFO:root:start: EC-Earth3
INFO:root:end: EC-Earth3
INFO:root:start: IPSL-CM6A-LR
INFO:root:end: IPSL-CM6A-LR
INFO:root:start: MIROC6
INFO:root:start: MPI-ESM1-2-HR
INFO:root:end: MPI-ESM1-2-HR
INFO:root:start: MRI-ESM2-0
INFO:root:end: MRI-ESM2-0
INFO:root:start: NorCPM1
INFO:root:lat index: 7, lon index: 5
INFO:root:start: BCC-CSM2-MR
INFO:root:end: BCC-CSM2-MR
INFO:root:start: CAFE
INFO:root:start: CMCC-CM2-SR5
INFO:root:start: CanESM5
INFO:root:end: CanESM5
INFO:root:start: EC-Earth3
INFO:root:end: EC-Earth3
INFO:root:start: IPSL-CM6A-LR
INFO:root:end: IPSL-CM6A-LR
INFO:root:start: MIROC6
INFO:root:start: MPI-ESM1-2-HR
INFO:root:end: MPI-ESM1-2-HR
INFO:root:start: MRI-ESM2-0
INFO:root:end: MRI-ESM2-0
INFO:root:start: NorCPM1
INFO:root:lat index: 7, lon index: 6
INFO:root:start: BCC-CSM2-MR
INFO:root:end: BCC-CSM2-MR
INFO:root:start: CAFE
INFO:root:start: CMCC-CM2-SR5
INFO:root:start: CanESM5
INFO:root:end: CanESM5
INFO:root:start: EC-Earth3
INFO:root:end: EC-Earth3
INFO:root:start: IPSL-CM6A-LR
INFO:root:end: IPSL-CM6A-LR
INFO:root:start: MIROC6
INFO:root:start: MPI-ESM1-2-HR
INFO:root:end: MPI-ESM1-2-HR
INFO:root:start: MRI-ESM2-0
INFO:root:end: MRI-ESM2-0
INFO:root:start: NorCPM1
INFO:root:lat index: 7, lon index: 7
INFO:root:start: BCC-CSM2-MR
INFO:root:end: BCC-CSM2-MR
INFO:root:start: CAFE
INFO:root:end: CAFE
INFO:root:start: CMCC-CM2-SR5
INFO:root:start: CanESM5
INFO:root:end: CanESM5
INFO:root:start: EC-Earth3
INFO:root:end: EC-Earth3
INFO:root:start: IPSL-CM6A-LR
INFO:root:end: IPSL-CM6A-LR
INFO:root:start: MIROC6
INFO:root:start: MPI-ESM1-2-HR
INFO:root:end: MPI-ESM1-2-HR
INFO:root:start: MRI-ESM2-0
INFO:root:end: MRI-ESM2-0
INFO:root:start: NorCPM1
INFO:root:lat index: 7, lon index: 8
INFO:root:start: BCC-CSM2-MR
INFO:root:end: BCC-CSM2-MR
INFO:root:start: CAFE
INFO:root:end: CAFE
INFO:root:start: CMCC-CM2-SR5
INFO:root:start: CanESM5
INFO:root:end: CanESM5
INFO:root:start: EC-Earth3
INFO:root:end: EC-Earth3
INFO:root:start: IPSL-CM6A-LR
INFO:root:end: IPSL-CM6A-LR
INFO:root:start: MIROC6
INFO:root:start: MPI-ESM1-2-HR
INFO:root:end: MPI-ESM1-2-HR
INFO:root:start: MRI-ESM2-0
INFO:root:end: MRI-ESM2-0
INFO:root:start: NorCPM1
INFO:root:lat index: 7, lon index: 9
INFO:root:start: BCC-CSM2-MR
INFO:root:end: BCC-CSM2-MR
INFO:root:start: CAFE
INFO:root:start: CMCC-CM2-SR5
INFO:root:start: CanESM5
INFO:root:end: CanESM5
INFO:root:start: EC-Earth3
INFO:root:end: EC-Earth3
INFO:root:start: IPSL-CM6A-LR
INFO:root:end: IPSL-CM6A-LR
INFO:root:start: MIROC6
INFO:root:start: MPI-ESM1-2-HR
INFO:root:end: MPI-ESM1-2-HR
INFO:root:start: MRI-ESM2-0
INFO:root:end: MRI-ESM2-0
INFO:root:start: NorCPM1
INFO:root:lat index: 7, lon index: 10
INFO:root:start: BCC-CSM2-MR
INFO:root:end: BCC-CSM2-MR
INFO:root:start: CAFE
INFO:root:start: CMCC-CM2-SR5
INFO:root:end: CMCC-CM2-SR5
INFO:root:start: CanESM5
INFO:root:end: CanESM5
INFO:root:start: EC-Earth3
INFO:root:end: EC-Earth3
INFO:root:start: IPSL-CM6A-LR
INFO:root:end: IPSL-CM6A-LR
INFO:root:start: MIROC6
INFO:root:start: MPI-ESM1-2-HR
INFO:root:end: MPI-ESM1-2-HR
INFO:root:start: MRI-ESM2-0
INFO:root:end: MRI-ESM2-0
INFO:root:start: NorCPM1
INFO:root:end: NorCPM1
INFO:root:lat index: 7, lon index: 11
INFO:root:start: BCC-CSM2-MR
INFO:root:end: BCC-CSM2-MR
INFO:root:start: CAFE
INFO:root:end: CAFE
INFO:root:start: CMCC-CM2-SR5
INFO:root:end: CMCC-CM2-SR5
INFO:root:start: CanESM5
INFO:root:end: CanESM5
INFO:root:start: EC-Earth3
INFO:root:end: EC-Earth3
INFO:root:start: IPSL-CM6A-LR
INFO:root:end: IPSL-CM6A-LR
INFO:root:start: MIROC6
INFO:root:start: MPI-ESM1-2-HR
INFO:root:end: MPI-ESM1-2-HR
INFO:root:start: MRI-ESM2-0
INFO:root:end: MRI-ESM2-0
INFO:root:start: NorCPM1
INFO:root:end: NorCPM1
INFO:root:lat index: 7, lon index: 12
INFO:root:lat index: 7, lon index: 13
INFO:root:lat index: 8, lon index: 0
INFO:root:lat index: 8, lon index: 1
INFO:root:lat index: 8, lon index: 2
INFO:root:lat index: 8, lon index: 3
INFO:root:lat index: 8, lon index: 4
INFO:root:start: BCC-CSM2-MR
INFO:root:end: BCC-CSM2-MR
INFO:root:start: CAFE
INFO:root:start: CMCC-CM2-SR5
INFO:root:start: CanESM5
INFO:root:end: CanESM5
INFO:root:start: EC-Earth3
INFO:root:end: EC-Earth3
INFO:root:start: IPSL-CM6A-LR
INFO:root:end: IPSL-CM6A-LR
INFO:root:start: MIROC6
INFO:root:start: MPI-ESM1-2-HR
INFO:root:end: MPI-ESM1-2-HR
INFO:root:start: MRI-ESM2-0
INFO:root:end: MRI-ESM2-0
INFO:root:start: NorCPM1
INFO:root:lat index: 8, lon index: 5
INFO:root:start: BCC-CSM2-MR
INFO:root:start: CAFE
INFO:root:end: CAFE
INFO:root:start: CMCC-CM2-SR5
INFO:root:start: CanESM5
INFO:root:end: CanESM5
INFO:root:start: EC-Earth3
INFO:root:end: EC-Earth3
INFO:root:start: IPSL-CM6A-LR
INFO:root:end: IPSL-CM6A-LR
INFO:root:start: MIROC6
INFO:root:start: MPI-ESM1-2-HR
INFO:root:end: MPI-ESM1-2-HR
INFO:root:start: MRI-ESM2-0
INFO:root:end: MRI-ESM2-0
INFO:root:start: NorCPM1
INFO:root:lat index: 8, lon index: 6
INFO:root:start: BCC-CSM2-MR
INFO:root:end: BCC-CSM2-MR
INFO:root:start: CAFE
INFO:root:start: CMCC-CM2-SR5
INFO:root:end: CMCC-CM2-SR5
INFO:root:start: CanESM5
INFO:root:end: CanESM5
INFO:root:start: EC-Earth3
INFO:root:end: EC-Earth3
INFO:root:start: IPSL-CM6A-LR
INFO:root:end: IPSL-CM6A-LR
INFO:root:start: MIROC6
INFO:root:start: MPI-ESM1-2-HR
INFO:root:end: MPI-ESM1-2-HR
INFO:root:start: MRI-ESM2-0
INFO:root:end: MRI-ESM2-0
INFO:root:start: NorCPM1
INFO:root:lat index: 8, lon index: 7
INFO:root:start: BCC-CSM2-MR
INFO:root:end: BCC-CSM2-MR
INFO:root:start: CAFE
INFO:root:end: CAFE
INFO:root:start: CMCC-CM2-SR5
INFO:root:start: CanESM5
INFO:root:end: CanESM5
INFO:root:start: EC-Earth3
INFO:root:end: EC-Earth3
INFO:root:start: IPSL-CM6A-LR
INFO:root:end: IPSL-CM6A-LR
INFO:root:start: MIROC6
INFO:root:start: MPI-ESM1-2-HR
INFO:root:end: MPI-ESM1-2-HR
INFO:root:start: MRI-ESM2-0
INFO:root:end: MRI-ESM2-0
INFO:root:start: NorCPM1
INFO:root:lat index: 8, lon index: 8
INFO:root:start: BCC-CSM2-MR
INFO:root:end: BCC-CSM2-MR
INFO:root:start: CAFE
INFO:root:start: CMCC-CM2-SR5
INFO:root:end: CMCC-CM2-SR5
INFO:root:start: CanESM5
INFO:root:end: CanESM5
INFO:root:start: EC-Earth3
INFO:root:end: EC-Earth3
INFO:root:start: IPSL-CM6A-LR
INFO:root:end: IPSL-CM6A-LR
INFO:root:start: MIROC6
INFO:root:start: MPI-ESM1-2-HR
INFO:root:end: MPI-ESM1-2-HR
INFO:root:start: MRI-ESM2-0
INFO:root:end: MRI-ESM2-0
INFO:root:start: NorCPM1
INFO:root:end: NorCPM1
INFO:root:lat index: 8, lon index: 9
INFO:root:start: BCC-CSM2-MR
INFO:root:end: BCC-CSM2-MR
INFO:root:start: CAFE
INFO:root:end: CAFE
INFO:root:start: CMCC-CM2-SR5
INFO:root:end: CMCC-CM2-SR5
INFO:root:start: CanESM5
INFO:root:end: CanESM5
INFO:root:start: EC-Earth3
INFO:root:end: EC-Earth3
INFO:root:start: IPSL-CM6A-LR
INFO:root:end: IPSL-CM6A-LR
INFO:root:start: MIROC6
INFO:root:start: MPI-ESM1-2-HR
INFO:root:end: MPI-ESM1-2-HR
INFO:root:start: MRI-ESM2-0
INFO:root:end: MRI-ESM2-0
INFO:root:start: NorCPM1
INFO:root:end: NorCPM1
INFO:root:lat index: 8, lon index: 10
INFO:root:start: BCC-CSM2-MR
INFO:root:end: BCC-CSM2-MR
INFO:root:start: CAFE
INFO:root:start: CMCC-CM2-SR5
INFO:root:end: CMCC-CM2-SR5
INFO:root:start: CanESM5
INFO:root:end: CanESM5
INFO:root:start: EC-Earth3
INFO:root:end: EC-Earth3
INFO:root:start: IPSL-CM6A-LR
INFO:root:end: IPSL-CM6A-LR
INFO:root:start: MIROC6
INFO:root:start: MPI-ESM1-2-HR
INFO:root:end: MPI-ESM1-2-HR
INFO:root:start: MRI-ESM2-0
INFO:root:end: MRI-ESM2-0
INFO:root:start: NorCPM1
INFO:root:end: NorCPM1
INFO:root:lat index: 8, lon index: 11
INFO:root:lat index: 8, lon index: 12
INFO:root:lat index: 8, lon index: 13
INFO:root:lat index: 9, lon index: 0
INFO:root:lat index: 9, lon index: 1
INFO:root:lat index: 9, lon index: 2
INFO:root:lat index: 9, lon index: 3
INFO:root:lat index: 9, lon index: 4
INFO:root:lat index: 9, lon index: 5
INFO:root:start: BCC-CSM2-MR
INFO:root:end: BCC-CSM2-MR
INFO:root:start: CAFE
INFO:root:start: CMCC-CM2-SR5
INFO:root:end: CMCC-CM2-SR5
INFO:root:start: CanESM5
INFO:root:end: CanESM5
INFO:root:start: EC-Earth3
INFO:root:end: EC-Earth3
INFO:root:start: IPSL-CM6A-LR
INFO:root:end: IPSL-CM6A-LR
INFO:root:start: MIROC6
INFO:root:start: MPI-ESM1-2-HR
INFO:root:start: MRI-ESM2-0
INFO:root:end: MRI-ESM2-0
INFO:root:start: NorCPM1
INFO:root:end: NorCPM1
INFO:root:lat index: 9, lon index: 6
INFO:root:start: BCC-CSM2-MR
INFO:root:end: BCC-CSM2-MR
INFO:root:start: CAFE
INFO:root:end: CAFE
INFO:root:start: CMCC-CM2-SR5
INFO:root:start: CanESM5
INFO:root:end: CanESM5
INFO:root:start: EC-Earth3
INFO:root:end: EC-Earth3
INFO:root:start: IPSL-CM6A-LR
INFO:root:end: IPSL-CM6A-LR
INFO:root:start: MIROC6
INFO:root:start: MPI-ESM1-2-HR
INFO:root:end: MPI-ESM1-2-HR
INFO:root:start: MRI-ESM2-0
INFO:root:end: MRI-ESM2-0
INFO:root:start: NorCPM1
INFO:root:lat index: 9, lon index: 7
INFO:root:start: BCC-CSM2-MR
INFO:root:end: BCC-CSM2-MR
INFO:root:start: CAFE
INFO:root:end: CAFE
INFO:root:start: CMCC-CM2-SR5
INFO:root:end: CMCC-CM2-SR5
INFO:root:start: CanESM5
INFO:root:end: CanESM5
INFO:root:start: EC-Earth3
INFO:root:end: EC-Earth3
INFO:root:start: IPSL-CM6A-LR
INFO:root:end: IPSL-CM6A-LR
INFO:root:start: MIROC6
INFO:root:start: MPI-ESM1-2-HR
INFO:root:start: MRI-ESM2-0
INFO:root:end: MRI-ESM2-0
INFO:root:start: NorCPM1
INFO:root:lat index: 9, lon index: 8
INFO:root:lat index: 9, lon index: 9
INFO:root:lat index: 9, lon index: 10
INFO:root:start: BCC-CSM2-MR
INFO:root:end: BCC-CSM2-MR
INFO:root:start: CAFE
INFO:root:end: CAFE
INFO:root:start: CMCC-CM2-SR5
INFO:root:start: CanESM5
INFO:root:end: CanESM5
INFO:root:start: EC-Earth3
INFO:root:end: EC-Earth3
INFO:root:start: IPSL-CM6A-LR
INFO:root:start: MIROC6
INFO:root:start: MPI-ESM1-2-HR
INFO:root:end: MPI-ESM1-2-HR
INFO:root:start: MRI-ESM2-0
INFO:root:end: MRI-ESM2-0
INFO:root:start: NorCPM1
INFO:root:end: NorCPM1
INFO:root:lat index: 9, lon index: 11
INFO:root:lat index: 9, lon index: 12
INFO:root:lat index: 9, lon index: 13
INFO:root:lat index: 10, lon index: 0
INFO:root:lat index: 10, lon index: 1
INFO:root:lat index: 10, lon index: 2
INFO:root:lat index: 10, lon index: 3
INFO:root:lat index: 10, lon index: 4
INFO:root:lat index: 10, lon index: 5
INFO:root:lat index: 10, lon index: 6
INFO:root:lat index: 10, lon index: 7
INFO:root:lat index: 10, lon index: 8
INFO:root:lat index: 10, lon index: 9
INFO:root:lat index: 10, lon index: 10
INFO:root:lat index: 10, lon index: 11
INFO:root:lat index: 10, lon index: 12
INFO:root:lat index: 10, lon index: 13
